2026-02-19T13:47:08.667+05:30  INFO 14096 --- [chaoslab-server] [main] c.a.mockDemo.MockDemoApplicationTests    : Starting MockDemoApplicationTests using Java 17.0.15 with PID 14096 (started by aditj in E:\spring-boot-web-projects\spring-boot-Faultrix-apis\mockDemo)
2026-02-19T13:47:08.669+05:30  INFO 14096 --- [chaoslab-server] [main] c.a.mockDemo.MockDemoApplicationTests    : The following 1 profile is active: "test"
2026-02-19T13:47:23.302+05:30  INFO 14096 --- [chaoslab-server] [main] com.adit.mockDemo.config.AsyncConfig     : Chaos async executor initialized: core=4, max=20, queue=500
2026-02-19T13:47:25.836+05:30  INFO 14096 --- [chaoslab-server] [main] c.a.mockDemo.MockDemoApplicationTests    : Started MockDemoApplicationTests in 18.329 seconds (process running for 28.223)
2026-02-19T13:47:26.518+05:30  WARN 14096 --- [chaoslab-server] [main] c.a.mockDemo.security.RateLimitFilter    : Rate limit exceeded for organization: test-org (plan: free)
2026-02-19T13:47:26.550+05:30  WARN 14096 --- [chaoslab-server] [main] c.a.mockDemo.security.RateLimitFilter    : Rate limit exceeded for organization: test-org (plan: free)
2026-02-19T13:47:27.069+05:30 ERROR 14096 --- [chaoslab-server] [main] c.a.mockDemo.service.ChaosEventService   : Failed to persist chaos event for org=test target=/api/v1/users

java.lang.RuntimeException: DB down
	at com.adit.mockDemo.service.ChaosEventService.recordEvent(ChaosEventService.java:62) ~[classes/:na]
	at com.adit.mockDemo.service.ChaosEventServiceTest.recordEvent_repositoryThrows_doesNotPropagateException(ChaosEventServiceTest.java:94) ~[test-classes/:na]
	at java.base/jdk.internal.reflect.NativeMethodAccessorImpl.invoke0(Native Method) ~[na:na]
	at java.base/jdk.internal.reflect.NativeMethodAccessorImpl.invoke(NativeMethodAccessorImpl.java:77) ~[na:na]
	at java.base/jdk.internal.reflect.DelegatingMethodAccessorImpl.invoke(DelegatingMethodAccessorImpl.java:43) ~[na:na]
	at java.base/java.lang.reflect.Method.invoke(Method.java:569) ~[na:na]
	at org.junit.platform.commons.util.ReflectionUtils.invokeMethod(ReflectionUtils.java:775) ~[junit-platform-commons-1.12.2.jar:1.12.2]
	at org.junit.platform.commons.support.ReflectionSupport.invokeMethod(ReflectionSupport.java:479) ~[junit-platform-commons-1.12.2.jar:1.12.2]
	at org.junit.jupiter.engine.execution.MethodInvocation.proceed(MethodInvocation.java:60) ~[junit-jupiter-engine-5.12.2.jar:5.12.2]
	at org.junit.jupiter.engine.execution.InvocationInterceptorChain$ValidatingInvocation.proceed(InvocationInterceptorChain.java:131) ~[junit-jupiter-engine-5.12.2.jar:5.12.2]
	at org.junit.jupiter.engine.extension.TimeoutExtension.intercept(TimeoutExtension.java:161) ~[junit-jupiter-engine-5.12.2.jar:5.12.2]
	at org.junit.jupiter.engine.extension.TimeoutExtension.interceptTestableMethod(TimeoutExtension.java:152) ~[junit-jupiter-engine-5.12.2.jar:5.12.2]
	at org.junit.jupiter.engine.extension.TimeoutExtension.interceptTestMethod(TimeoutExtension.java:91) ~[junit-jupiter-engine-5.12.2.jar:5.12.2]
	at org.junit.jupiter.engine.execution.InterceptingExecutableInvoker$ReflectiveInterceptorCall.lambda$ofVoidMethod$0(InterceptingExecutableInvoker.java:112) ~[junit-jupiter-engine-5.12.2.jar:5.12.2]
	at org.junit.jupiter.engine.execution.InterceptingExecutableInvoker.lambda$invoke$0(InterceptingExecutableInvoker.java:94) ~[junit-jupiter-engine-5.12.2.jar:5.12.2]
	at org.junit.jupiter.engine.execution.InvocationInterceptorChain$InterceptedInvocation.proceed(InvocationInterceptorChain.java:106) ~[junit-jupiter-engine-5.12.2.jar:5.12.2]
	at org.junit.jupiter.engine.execution.InvocationInterceptorChain.proceed(InvocationInterceptorChain.java:64) ~[junit-jupiter-engine-5.12.2.jar:5.12.2]
	at org.junit.jupiter.engine.execution.InvocationInterceptorChain.chainAndInvoke(InvocationInterceptorChain.java:45) ~[junit-jupiter-engine-5.12.2.jar:5.12.2]
	at org.junit.jupiter.engine.execution.InvocationInterceptorChain.invoke(InvocationInterceptorChain.java:37) ~[junit-jupiter-engine-5.12.2.jar:5.12.2]
	at org.junit.jupiter.engine.execution.InterceptingExecutableInvoker.invoke(InterceptingExecutableInvoker.java:93) ~[junit-jupiter-engine-5.12.2.jar:5.12.2]
	at org.junit.jupiter.engine.execution.InterceptingExecutableInvoker.invoke(InterceptingExecutableInvoker.java:87) ~[junit-jupiter-engine-5.12.2.jar:5.12.2]
	at org.junit.jupiter.engine.descriptor.TestMethodTestDescriptor.lambda$invokeTestMethod$7(TestMethodTestDescriptor.java:216) ~[junit-jupiter-engine-5.12.2.jar:5.12.2]
	at org.junit.platform.engine.support.hierarchical.ThrowableCollector.execute(ThrowableCollector.java:73) ~[junit-platform-engine-1.12.2.jar:1.12.2]
	at org.junit.jupiter.engine.descriptor.TestMethodTestDescriptor.invokeTestMethod(TestMethodTestDescriptor.java:212) ~[junit-jupiter-engine-5.12.2.jar:5.12.2]
	at org.junit.jupiter.engine.descriptor.TestMethodTestDescriptor.execute(TestMethodTestDescriptor.java:137) ~[junit-jupiter-engine-5.12.2.jar:5.12.2]
	at org.junit.jupiter.engine.descriptor.TestMethodTestDescriptor.execute(TestMethodTestDescriptor.java:69) ~[junit-jupiter-engine-5.12.2.jar:5.12.2]
	at org.junit.platform.engine.support.hierarchical.NodeTestTask.lambda$executeRecursively$6(NodeTestTask.java:156) ~[junit-platform-engine-1.12.2.jar:1.12.2]
	at org.junit.platform.engine.support.hierarchical.ThrowableCollector.execute(ThrowableCollector.java:73) ~[junit-platform-engine-1.12.2.jar:1.12.2]
	at org.junit.platform.engine.support.hierarchical.NodeTestTask.lambda$executeRecursively$8(NodeTestTask.java:146) ~[junit-platform-engine-1.12.2.jar:1.12.2]
	at org.junit.platform.engine.support.hierarchical.Node.around(Node.java:137) ~[junit-platform-engine-1.12.2.jar:1.12.2]
	at org.junit.platform.engine.support.hierarchical.NodeTestTask.lambda$executeRecursively$9(NodeTestTask.java:144) ~[junit-platform-engine-1.12.2.jar:1.12.2]
	at org.junit.platform.engine.support.hierarchical.ThrowableCollector.execute(ThrowableCollector.java:73) ~[junit-platform-engine-1.12.2.jar:1.12.2]
	at org.junit.platform.engine.support.hierarchical.NodeTestTask.executeRecursively(NodeTestTask.java:143) ~[junit-platform-engine-1.12.2.jar:1.12.2]
	at org.junit.platform.engine.support.hierarchical.NodeTestTask.execute(NodeTestTask.java:100) ~[junit-platform-engine-1.12.2.jar:1.12.2]
	at java.base/java.util.ArrayList.forEach(ArrayList.java:1511) ~[na:na]
	at org.junit.platform.engine.support.hierarchical.SameThreadHierarchicalTestExecutorService.invokeAll(SameThreadHierarchicalTestExecutorService.java:41) ~[junit-platform-engine-1.12.2.jar:1.12.2]
	at org.junit.platform.engine.support.hierarchical.NodeTestTask.lambda$executeRecursively$6(NodeTestTask.java:160) ~[junit-platform-engine-1.12.2.jar:1.12.2]
	at org.junit.platform.engine.support.hierarchical.ThrowableCollector.execute(ThrowableCollector.java:73) ~[junit-platform-engine-1.12.2.jar:1.12.2]
	at org.junit.platform.engine.support.hierarchical.NodeTestTask.lambda$executeRecursively$8(NodeTestTask.java:146) ~[junit-platform-engine-1.12.2.jar:1.12.2]
	at org.junit.platform.engine.support.hierarchical.Node.around(Node.java:137) ~[junit-platform-engine-1.12.2.jar:1.12.2]
	at org.junit.platform.engine.support.hierarchical.NodeTestTask.lambda$executeRecursively$9(NodeTestTask.java:144) ~[junit-platform-engine-1.12.2.jar:1.12.2]
	at org.junit.platform.engine.support.hierarchical.ThrowableCollector.execute(ThrowableCollector.java:73) ~[junit-platform-engine-1.12.2.jar:1.12.2]
	at org.junit.platform.engine.support.hierarchical.NodeTestTask.executeRecursively(NodeTestTask.java:143) ~[junit-platform-engine-1.12.2.jar:1.12.2]
	at org.junit.platform.engine.support.hierarchical.NodeTestTask.execute(NodeTestTask.java:100) ~[junit-platform-engine-1.12.2.jar:1.12.2]
	at java.base/java.util.ArrayList.forEach(ArrayList.java:1511) ~[na:na]
	at org.junit.platform.engine.support.hierarchical.SameThreadHierarchicalTestExecutorService.invokeAll(SameThreadHierarchicalTestExecutorService.java:41) ~[junit-platform-engine-1.12.2.jar:1.12.2]
	at org.junit.platform.engine.support.hierarchical.NodeTestTask.lambda$executeRecursively$6(NodeTestTask.java:160) ~[junit-platform-engine-1.12.2.jar:1.12.2]
	at org.junit.platform.engine.support.hierarchical.ThrowableCollector.execute(ThrowableCollector.java:73) ~[junit-platform-engine-1.12.2.jar:1.12.2]
	at org.junit.platform.engine.support.hierarchical.NodeTestTask.lambda$executeRecursively$8(NodeTestTask.java:146) ~[junit-platform-engine-1.12.2.jar:1.12.2]
	at org.junit.platform.engine.support.hierarchical.Node.around(Node.java:137) ~[junit-platform-engine-1.12.2.jar:1.12.2]
	at org.junit.platform.engine.support.hierarchical.NodeTestTask.lambda$executeRecursively$9(NodeTestTask.java:144) ~[junit-platform-engine-1.12.2.jar:1.12.2]
	at org.junit.platform.engine.support.hierarchical.ThrowableCollector.execute(ThrowableCollector.java:73) ~[junit-platform-engine-1.12.2.jar:1.12.2]
	at org.junit.platform.engine.support.hierarchical.NodeTestTask.executeRecursively(NodeTestTask.java:143) ~[junit-platform-engine-1.12.2.jar:1.12.2]
	at org.junit.platform.engine.support.hierarchical.NodeTestTask.execute(NodeTestTask.java:100) ~[junit-platform-engine-1.12.2.jar:1.12.2]
	at org.junit.platform.engine.support.hierarchical.SameThreadHierarchicalTestExecutorService.submit(SameThreadHierarchicalTestExecutorService.java:35) ~[junit-platform-engine-1.12.2.jar:1.12.2]
	at org.junit.platform.engine.support.hierarchical.HierarchicalTestExecutor.execute(HierarchicalTestExecutor.java:57) ~[junit-platform-engine-1.12.2.jar:1.12.2]
	at org.junit.platform.engine.support.hierarchical.HierarchicalTestEngine.execute(HierarchicalTestEngine.java:54) ~[junit-platform-engine-1.12.2.jar:1.12.2]
	at org.junit.platform.launcher.core.EngineExecutionOrchestrator.execute(EngineExecutionOrchestrator.java:201) ~[junit-platform-launcher-1.12.2.jar:1.12.2]
	at org.junit.platform.launcher.core.EngineExecutionOrchestrator.execute(EngineExecutionOrchestrator.java:170) ~[junit-platform-launcher-1.12.2.jar:1.12.2]
	at org.junit.platform.launcher.core.EngineExecutionOrchestrator.execute(EngineExecutionOrchestrator.java:94) ~[junit-platform-launcher-1.12.2.jar:1.12.2]
	at org.junit.platform.launcher.core.EngineExecutionOrchestrator.lambda$execute$0(EngineExecutionOrchestrator.java:59) ~[junit-platform-launcher-1.12.2.jar:1.12.2]
	at org.junit.platform.launcher.core.EngineExecutionOrchestrator.withInterceptedStreams(EngineExecutionOrchestrator.java:142) ~[junit-platform-launcher-1.12.2.jar:1.12.2]
	at org.junit.platform.launcher.core.EngineExecutionOrchestrator.execute(EngineExecutionOrchestrator.java:58) ~[junit-platform-launcher-1.12.2.jar:1.12.2]
	at org.junit.platform.launcher.core.DefaultLauncher.execute(DefaultLauncher.java:103) ~[junit-platform-launcher-1.12.2.jar:1.12.2]
	at org.junit.platform.launcher.core.DefaultLauncher.execute(DefaultLauncher.java:85) ~[junit-platform-launcher-1.12.2.jar:1.12.2]
	at org.junit.platform.launcher.core.DelegatingLauncher.execute(DelegatingLauncher.java:47) ~[junit-platform-launcher-1.12.2.jar:1.12.2]
	at org.junit.platform.launcher.core.InterceptingLauncher.lambda$execute$1(InterceptingLauncher.java:39) ~[junit-platform-launcher-1.12.2.jar:1.12.2]
	at org.junit.platform.launcher.core.ClasspathAlignmentCheckingLauncherInterceptor.intercept(ClasspathAlignmentCheckingLauncherInterceptor.java:25) ~[junit-platform-launcher-1.12.2.jar:1.12.2]
	at org.junit.platform.launcher.core.InterceptingLauncher.execute(InterceptingLauncher.java:38) ~[junit-platform-launcher-1.12.2.jar:1.12.2]
	at org.junit.platform.launcher.core.DelegatingLauncher.execute(DelegatingLauncher.java:47) ~[junit-platform-launcher-1.12.2.jar:1.12.2]
	at org.apache.maven.surefire.junitplatform.LauncherAdapter.executeWithoutCancellationToken(LauncherAdapter.java:60) ~[surefire-junit-platform-3.5.4.jar:3.5.4]
	at org.apache.maven.surefire.junitplatform.LauncherAdapter.execute(LauncherAdapter.java:52) ~[surefire-junit-platform-3.5.4.jar:3.5.4]
	at org.apache.maven.surefire.junitplatform.JUnitPlatformProvider.execute(JUnitPlatformProvider.java:203) ~[surefire-junit-platform-3.5.4.jar:3.5.4]
	at org.apache.maven.surefire.junitplatform.JUnitPlatformProvider.invokeAllTests(JUnitPlatformProvider.java:168) ~[surefire-junit-platform-3.5.4.jar:3.5.4]
	at org.apache.maven.surefire.junitplatform.JUnitPlatformProvider.invoke(JUnitPlatformProvider.java:136) ~[surefire-junit-platform-3.5.4.jar:3.5.4]
	at org.apache.maven.surefire.booter.ForkedBooter.runSuitesInProcess(ForkedBooter.java:385) ~[surefire-booter-3.5.4.jar:3.5.4]
	at org.apache.maven.surefire.booter.ForkedBooter.execute(ForkedBooter.java:162) ~[surefire-booter-3.5.4.jar:3.5.4]
	at org.apache.maven.surefire.booter.ForkedBooter.run(ForkedBooter.java:507) ~[surefire-booter-3.5.4.jar:3.5.4]
	at org.apache.maven.surefire.booter.ForkedBooter.main(ForkedBooter.java:495) ~[surefire-booter-3.5.4.jar:3.5.4]

2026-02-19T13:47:27.229+05:30  INFO 14096 --- [chaoslab-server] [main] c.a.mockDemo.service.ChaosRuleService    : GET /api/v1/chaos/rules/1 - Fetching for org: test-org
2026-02-19T13:47:27.272+05:30  INFO 14096 --- [chaoslab-server] [main] c.a.mockDemo.service.ChaosRuleService    : GET /api/v1/chaos/rules/2 - Fetching for org: test-org
2026-02-19T13:47:27.309+05:30  INFO 14096 --- [chaoslab-server] [main] c.a.mockDemo.service.ChaosRuleService    : GET /api/v1/chaos/rules - Fetching all rules for org: test-org
2026-02-19T13:47:27.360+05:30  INFO 14096 --- [chaoslab-server] [main] c.a.mockDemo.service.ChaosRuleService    : GET /api/v1/chaos/rules/99 - Fetching for org: test-org
2026-02-19T13:47:27.388+05:30  INFO 14096 --- [chaoslab-server] [main] c.a.mockDemo.service.ChaosRuleService    : DELETE /api/v1/chaos/rules/99 - Org: test-org
2026-02-19T13:47:27.404+05:30  INFO 14096 --- [chaoslab-server] [main] c.a.mockDemo.service.ChaosRuleService    : DELETE /api/v1/chaos/rules/999 - Org: test-org
2026-02-19T13:47:27.411+05:30  INFO 14096 --- [chaoslab-server] [main] c.a.mockDemo.service.ChaosRuleService    : POST /api/v1/chaos/rules - Target: /api/v1/orders, Org: test-org
2026-02-19T13:47:27.412+05:30  INFO 14096 --- [chaoslab-server] [main] c.a.mockDemo.service.ChaosRuleService    : Created chaos rule ID: 1 for org: test-org
2026-02-19T13:47:27.419+05:30  INFO 14096 --- [chaoslab-server] [main] c.a.mockDemo.service.ChaosRuleService    : POST /api/v1/chaos/rules - Target: /api/v1/users, Org: test-org
2026-02-19T13:47:27.429+05:30  INFO 14096 --- [chaoslab-server] [main] c.a.mockDemo.service.ChaosRuleService    : POST /api/v1/chaos/rules - Target: /api/v1/new, Org: test-org
2026-02-19T13:47:27.463+05:30  INFO 14096 --- [chaoslab-server] [main] c.a.mockDemo.service.ChaosRuleService    : POST /api/v1/chaos/rules - Target: /api/v1/new, Org: test-org
2026-02-19T13:51:04.414+05:30  INFO 11696 --- [chaoslab-server] [restartedMain] com.adit.mockDemo.MockDemoApplication    : Starting MockDemoApplication using Java 17.0.15 with PID 11696 (E:\spring-boot-web-projects\spring-boot-Faultrix-apis\mockDemo\target\classes started by aditj in E:\spring-boot-web-projects\spring-boot-Faultrix-apis\mockDemo)
2026-02-19T13:51:04.429+05:30  INFO 11696 --- [chaoslab-server] [restartedMain] com.adit.mockDemo.MockDemoApplication    : The following 1 profile is active: "prod"
2026-02-19T13:51:13.559+05:30  INFO 11696 --- [chaoslab-server] [restartedMain] com.adit.mockDemo.config.AsyncConfig     : Chaos async executor initialized: core=4, max=20, queue=500
2026-02-19T13:51:14.465+05:30  WARN 11696 --- [chaoslab-server] [restartedMain] o.s.b.d.a.OptionalLiveReloadServer       : Unable to start LiveReload server
2026-02-19T13:51:14.561+05:30  WARN 11696 --- [chaoslab-server] [restartedMain] ConfigServletWebServerApplicationContext : Exception encountered during context initialization - cancelling refresh attempt: org.springframework.context.ApplicationContextException: Failed to start bean 'webServerStartStop'
2026-02-19T13:51:14.639+05:30 ERROR 11696 --- [chaoslab-server] [restartedMain] o.s.b.d.LoggingFailureAnalysisReporter   : 

***************************
APPLICATION FAILED TO START
***************************

Description:

Web server failed to start. Port 8080 was already in use.

Action:

Identify and stop the process that's listening on port 8080 or configure this application to listen on another port.

2026-02-19T13:52:01.488+05:30  INFO 9364 --- [chaoslab-server] [restartedMain] com.adit.mockDemo.MockDemoApplication    : Starting MockDemoApplication using Java 17.0.15 with PID 9364 (E:\spring-boot-web-projects\spring-boot-Faultrix-apis\mockDemo\target\classes started by aditj in E:\spring-boot-web-projects\spring-boot-Faultrix-apis\mockDemo)
2026-02-19T13:52:01.491+05:30  INFO 9364 --- [chaoslab-server] [restartedMain] com.adit.mockDemo.MockDemoApplication    : The following 1 profile is active: "prod"
2026-02-19T13:52:07.288+05:30  INFO 9364 --- [chaoslab-server] [restartedMain] com.adit.mockDemo.config.AsyncConfig     : Chaos async executor initialized: core=4, max=20, queue=500
2026-02-19T13:52:08.157+05:30  WARN 9364 --- [chaoslab-server] [restartedMain] o.s.b.d.a.OptionalLiveReloadServer       : Unable to start LiveReload server
2026-02-19T13:52:08.263+05:30  WARN 9364 --- [chaoslab-server] [restartedMain] ConfigServletWebServerApplicationContext : Exception encountered during context initialization - cancelling refresh attempt: org.springframework.context.ApplicationContextException: Failed to start bean 'webServerStartStop'
2026-02-19T13:52:08.317+05:30 ERROR 9364 --- [chaoslab-server] [restartedMain] o.s.b.d.LoggingFailureAnalysisReporter   : 

***************************
APPLICATION FAILED TO START
***************************

Description:

Web server failed to start. Port 8080 was already in use.

Action:

Identify and stop the process that's listening on port 8080 or configure this application to listen on another port.

2026-02-19T13:54:05.384+05:30  INFO 20060 --- [chaoslab-server] [restartedMain] com.adit.mockDemo.MockDemoApplication    : Starting MockDemoApplication using Java 17.0.15 with PID 20060 (E:\spring-boot-web-projects\spring-boot-Faultrix-apis\mockDemo\target\classes started by aditj in E:\spring-boot-web-projects\spring-boot-Faultrix-apis\mockDemo)
2026-02-19T13:54:05.388+05:30  INFO 20060 --- [chaoslab-server] [restartedMain] com.adit.mockDemo.MockDemoApplication    : The following 1 profile is active: "prod"
2026-02-19T13:54:11.854+05:30  INFO 20060 --- [chaoslab-server] [restartedMain] com.adit.mockDemo.config.AsyncConfig     : Chaos async executor initialized: core=4, max=20, queue=500
2026-02-19T13:54:13.205+05:30  INFO 20060 --- [chaoslab-server] [restartedMain] com.adit.mockDemo.MockDemoApplication    : Started MockDemoApplication in 8.33 seconds (process running for 8.764)
2026-02-19T14:18:08.006+05:30  WARN 20060 --- [chaoslab-server] [HikariPool-1:housekeeper] com.zaxxer.hikari.pool.HikariPool        : HikariPool-1 - Thread starvation or clock leap detected (housekeeper delta=9m28s521ms911µs400ns).
